** ComfyUI startup time: 2024-02-03 15:17:05.067183
[2024-02-03 15:17] ** Platform: Windows
[2024-02-03 15:17] ** Python version: 3.11.6 (tags/v3.11.6:8b6ee5b, Oct  2 2023, 14:57:12) [MSC v.1935 64 bit (AMD64)]
[2024-02-03 15:17] ** Python executable: C:\ComfyUI_windows_portable\python_embeded\python.exe
[2024-02-03 15:17] ** Log path: C:\bots\cannybot\comfyui.log
[2024-02-03 15:17] 
Prestartup times for custom nodes:
[2024-02-03 15:17]    0.1 seconds: C:\ComfyUI_windows_portable\ComfyUI\custom_nodes\ComfyUI-Manager
[2024-02-03 15:17] 
[2024-02-03 15:17] Total VRAM 4096 MB, total RAM 24450 MB
[2024-02-03 15:17] Trying to enable lowvram mode because your GPU seems to have 4GB or less. If you don't want this use: --normalvram
[2024-02-03 15:17] Forcing FP16.
[2024-02-03 15:17] Set vram state to: LOW_VRAM
[2024-02-03 15:17] Device: cuda:0 NVIDIA GeForce GTX 1050 : cudaMallocAsync
[2024-02-03 15:17] VAE dtype: torch.float32
[2024-02-03 15:17] Using pytorch cross attention
[2024-02-03 15:17] Adding extra search path checkpoints C:\Users\baileyfl\ai\stable-diffusion-webui\models/Stable-diffusion
[2024-02-03 15:17] Adding extra search path configs C:\Users\baileyfl\ai\stable-diffusion-webui\models/Stable-diffusion
[2024-02-03 15:17] Adding extra search path vae C:\Users\baileyfl\ai\stable-diffusion-webui\models/VAE
[2024-02-03 15:17] Adding extra search path loras C:\Users\baileyfl\ai\stable-diffusion-webui\models/Lora
[2024-02-03 15:17] Adding extra search path loras C:\Users\baileyfl\ai\stable-diffusion-webui\models/LyCORIS
[2024-02-03 15:17] Adding extra search path upscale_models C:\Users\baileyfl\ai\stable-diffusion-webui\models/ESRGAN
[2024-02-03 15:17] Adding extra search path upscale_models C:\Users\baileyfl\ai\stable-diffusion-webui\models/RealESRGAN
[2024-02-03 15:17] Adding extra search path upscale_models C:\Users\baileyfl\ai\stable-diffusion-webui\models/SwinIR
[2024-02-03 15:17] Adding extra search path embeddings C:\Users\baileyfl\ai\stable-diffusion-webui\embeddings
[2024-02-03 15:17] Adding extra search path hypernetworks C:\Users\baileyfl\ai\stable-diffusion-webui\models/hypernetworks
[2024-02-03 15:17] Adding extra search path controlnet C:\Users\baileyfl\ai\stable-diffusion-webui\models/ControlNet
[2024-02-03 15:17] Adding extra search path checkpoints C:\Users\baileyfl\ai\stable-diffusion-webui\models\Stable-diffusion
[2024-02-03 15:17] Adding extra search path clip C:\Users\baileyfl\ai\stable-diffusion-webui\models/clip/
[2024-02-03 15:17] Adding extra search path clip_vision C:\Users\baileyfl\ai\stable-diffusion-webui\models/clip_vision/
[2024-02-03 15:17] Adding extra search path configs C:\Users\baileyfl\ai\stable-diffusion-webui\models/configs/
[2024-02-03 15:17] Adding extra search path controlnet C:\Users\baileyfl\ai\stable-diffusion-webui\models/controlnet/
[2024-02-03 15:17] Adding extra search path embeddings C:\Users\baileyfl\ai\stable-diffusion-webui\models/embeddings/
[2024-02-03 15:17] Adding extra search path loras C:\Users\baileyfl\ai\stable-diffusion-webui\models/loras/
[2024-02-03 15:17] Adding extra search path upscale_models C:\Users\baileyfl\ai\stable-diffusion-webui\models/upscale_models/
[2024-02-03 15:17] Adding extra search path vae C:\Users\baileyfl\ai\stable-diffusion-webui\models\VAE
[2024-02-03 15:17] [Crystools [0;32mINFO[0m] Crystools version: 1.10.1
[2024-02-03 15:17] [Crystools [0;32mINFO[0m] CPU: Intel(R) Core(TM) i5-8300H CPU @ 2.30GHz - Arch: AMD64 - OS: Windows 10
[2024-02-03 15:17] [Crystools [0;32mINFO[0m] GPU/s:
[2024-02-03 15:17] [Crystools [0;32mINFO[0m] 0) NVIDIA GeForce GTX 1050
[2024-02-03 15:17] [Crystools [0;32mINFO[0m] NVIDIA Driver: 537.42
[2024-02-03 15:17] ### Loading: ComfyUI-Impact-Pack (V4.66.1)
[2024-02-03 15:17] ### Loading: ComfyUI-Impact-Pack (Subpack: V0.4)
[2024-02-03 15:17] [Impact Pack] Wildcards loading done.
[2024-02-03 15:17] ### Loading: ComfyUI-Manager (V1.26)
[2024-02-03 15:17] ### ComfyUI Revision: 1929 [b9911dcb] | Released on '2024-01-23'
[2024-02-03 15:17] FETCH DATA from: https://raw.githubusercontent.com/ltdrdata/ComfyUI-Manager/main/custom-node-list.json
[2024-02-03 15:17] FETCH DATA from: https://raw.githubusercontent.com/ltdrdata/ComfyUI-Manager/main/extension-node-map.json
[2024-02-03 15:17] FETCH DATA from: https://raw.githubusercontent.com/ltdrdata/ComfyUI-Manager/main/model-list.json
[2024-02-03 15:17] FETCH DATA from: https://raw.githubusercontent.com/ltdrdata/ComfyUI-Manager/main/alter-list.json
[2024-02-03 15:17] [ComfyUI-Manager] default cache updated: https://raw.githubusercontent.com/ltdrdata/ComfyUI-Manager/main/alter-list.json
[2024-02-03 15:17] [ComfyUI-Manager] default cache updated: https://raw.githubusercontent.com/ltdrdata/ComfyUI-Manager/main/model-list.json
[2024-02-03 15:17] --------------
[2024-02-03 15:17] [91m ### Mixlab Nodes: [93mLoaded
[2024-02-03 15:17] LaMaInpainting.available True
[2024-02-03 15:17] [ComfyUI-Manager] default cache updated: https://raw.githubusercontent.com/ltdrdata/ComfyUI-Manager/main/extension-node-map.json
[2024-02-03 15:17] [ComfyUI-Manager] default cache updated: https://raw.githubusercontent.com/ltdrdata/ComfyUI-Manager/main/custom-node-list.json
WARNING:tensorflow:From C:\ComfyUI_windows_portable\python_embeded\Lib\site-packages\keras\src\losses.py:2976: The name tf.losses.sparse_softmax_cross_entropy is deprecated. Please use tf.compat.v1.losses.sparse_softmax_cross_entropy instead.

[2024-02-03 15:17] ## clip_interrogator_model not found: C:\ComfyUI_windows_portable\ComfyUI\models\clip_interrogator/Salesforce/blip-image-captioning-base, pls download from https://huggingface.co/Salesforce/blip-image-captioning-base
[2024-02-03 15:17] ClipInterrogator.available True
[2024-02-03 15:17] PromptGenerate.available True
[2024-02-03 15:17] ChinesePrompt.available True
[2024-02-03 15:17] #pip install rembg[gpu]
[2024-02-03 15:17] #install error
[2024-02-03 15:17] RembgNode_.available False
[2024-02-03 15:17] [93m -------------- [0m
[2024-02-03 15:17] [INFO] PromptControl: Use STYLE:weight_interpretation:normalization at the start of a prompt to use advanced encodings
[2024-02-03 15:17] [INFO] PromptControl: Weight interpretations available: comfy,perp
[2024-02-03 15:17] [INFO] PromptControl: Normalization types available: none
[2024-02-03 15:17] Total VRAM 4096 MB, total RAM 24450 MB
[2024-02-03 15:17] Trying to enable lowvram mode because your GPU seems to have 4GB or less. If you don't want this use: --normalvram
[2024-02-03 15:17] Forcing FP16.
[2024-02-03 15:17] Set vram state to: LOW_VRAM
[2024-02-03 15:17] Device: cuda:0 NVIDIA GeForce GTX 1050 : cudaMallocAsync
[2024-02-03 15:17] VAE dtype: torch.float32
[2024-02-03 15:17] Traceback (most recent call last):
  File "C:\ComfyUI_windows_portable\python_embeded\Lib\site-packages\insightface\__init__.py", line 8, in <module>
    import onnxruntime
  File "C:\ComfyUI_windows_portable\python_embeded\Lib\site-packages\onnxruntime\__init__.py", line 57, in <module>
    raise import_capi_exception
  File "C:\ComfyUI_windows_portable\python_embeded\Lib\site-packages\onnxruntime\__init__.py", line 45, in <module>
    from onnxruntime.capi._pybind_state import has_collective_ops  # noqa: F401
    ^^^^^^^^^^^^^^^^^^^^^^^^^^^^^^^^^^^^^^^^^^^^^^^^^^^^^^^^^^^^^
ImportError: cannot import name 'has_collective_ops' from 'onnxruntime.capi._pybind_state' (C:\ComfyUI_windows_portable\python_embeded\Lib\site-packages\onnxruntime\capi\_pybind_state.py)

During handling of the above exception, another exception occurred:

Traceback (most recent call last):
  File "C:\ComfyUI_windows_portable\ComfyUI\nodes.py", line 1872, in load_custom_node
    module_spec.loader.exec_module(module)
  File "<frozen importlib._bootstrap_external>", line 940, in exec_module
  File "<frozen importlib._bootstrap>", line 241, in _call_with_frames_removed
  File "C:\ComfyUI_windows_portable\ComfyUI\custom_nodes\comfyui-reactor-node\__init__.py", line 25, in <module>
    from .nodes import NODE_CLASS_MAPPINGS, NODE_DISPLAY_NAME_MAPPINGS
  File "C:\ComfyUI_windows_portable\ComfyUI\custom_nodes\comfyui-reactor-node\nodes.py", line 14, in <module>
    from scripts.reactor_faceswap import FaceSwapScript, get_models, get_current_faces_model, analyze_faces
  File "C:\ComfyUI_windows_portable\ComfyUI\custom_nodes\comfyui-reactor-node\scripts\reactor_faceswap.py", line 12, in <module>
    from scripts.reactor_logger import logger
  File "C:\ComfyUI_windows_portable\ComfyUI\custom_nodes\comfyui-reactor-node\scripts\reactor_logger.py", line 6, in <module>
    from reactor_utils import addLoggingLevel
  File "C:\ComfyUI_windows_portable\ComfyUI\custom_nodes\comfyui-reactor-node\reactor_utils.py", line 8, in <module>
    from insightface.app.common import Face
  File "C:\ComfyUI_windows_portable\python_embeded\Lib\site-packages\insightface\__init__.py", line 10, in <module>
    raise ImportError(
ImportError: Unable to import dependency onnxruntime. 
[2024-02-03 15:17] 
[2024-02-03 15:17] Cannot import C:\ComfyUI_windows_portable\ComfyUI\custom_nodes\comfyui-reactor-node module for custom nodes: Unable to import dependency onnxruntime. 
[2024-02-03 15:17] [36;20m[comfyui_controlnet_aux] | INFO -> Using ckpts path: C:\ComfyUI_windows_portable\ComfyUI\custom_nodes\comfyui_controlnet_aux\ckpts[0m
[2024-02-03 15:17] [36;20m[comfyui_controlnet_aux] | INFO -> Using symlinks: False[0m
[2024-02-03 15:17] [36;20m[comfyui_controlnet_aux] | INFO -> Using ort providers: ['CUDAExecutionProvider', 'DirectMLExecutionProvider', 'OpenVINOExecutionProvider', 'ROCMExecutionProvider', 'CPUExecutionProvider', 'CoreMLExecutionProvider'][0m
[2024-02-03 15:17] C:\ComfyUI_windows_portable\ComfyUI\custom_nodes\comfyui_controlnet_aux\node_wrappers\dwpose.py:26: UserWarning: DWPose: Onnxruntime not found or doesn't come with acceleration providers, switch to OpenCV with CPU device. DWPose might run very slowly
  warnings.warn("DWPose: Onnxruntime not found or doesn't come with acceleration providers, switch to OpenCV with CPU device. DWPose might run very slowly")
[2024-02-03 15:17] [36mEfficiency Nodes:[0m Attempting to add Control Net options to the 'HiRes-Fix Script' Node (comfyui_controlnet_aux add-on)...[92mSuccess![0m
[2024-02-03 15:17] 
Import times for custom nodes:
[2024-02-03 15:17]    0.0 seconds: C:\ComfyUI_windows_portable\ComfyUI\custom_nodes\ComfyUI-Image-Selector
[2024-02-03 15:17]    0.0 seconds: C:\ComfyUI_windows_portable\ComfyUI\custom_nodes\cg-image-picker
[2024-02-03 15:17]    0.0 seconds: C:\ComfyUI_windows_portable\ComfyUI\custom_nodes\cg_custom_core
[2024-02-03 15:17]    0.0 seconds: C:\ComfyUI_windows_portable\ComfyUI\custom_nodes\masquerade-nodes-comfyui
[2024-02-03 15:17]    0.0 seconds: C:\ComfyUI_windows_portable\ComfyUI\custom_nodes\ComfyUI_Cutoff
[2024-02-03 15:17]    0.0 seconds: C:\ComfyUI_windows_portable\ComfyUI\custom_nodes\ComfyUI_IPAdapter_plus
[2024-02-03 15:17]    0.0 seconds: C:\ComfyUI_windows_portable\ComfyUI\custom_nodes\comfy-image-saver
[2024-02-03 15:17]    0.0 seconds: C:\ComfyUI_windows_portable\ComfyUI\custom_nodes\ComfyUI-Advanced-ControlNet
[2024-02-03 15:17]    0.0 seconds: C:\ComfyUI_windows_portable\ComfyUI\custom_nodes\ComfyUI_UltimateSDUpscale
[2024-02-03 15:17]    0.0 seconds: C:\ComfyUI_windows_portable\ComfyUI\custom_nodes\efficiency-nodes-comfyui
[2024-02-03 15:17]    0.0 seconds (IMPORT FAILED): C:\ComfyUI_windows_portable\ComfyUI\custom_nodes\comfyui-reactor-node
[2024-02-03 15:17]    0.0 seconds: C:\ComfyUI_windows_portable\ComfyUI\custom_nodes\ComfyUI_essentials
[2024-02-03 15:17]    0.1 seconds: C:\ComfyUI_windows_portable\ComfyUI\custom_nodes\facerestore_cf
[2024-02-03 15:17]    0.1 seconds: C:\ComfyUI_windows_portable\ComfyUI\custom_nodes\ComfyI2I
[2024-02-03 15:17]    0.1 seconds: C:\ComfyUI_windows_portable\ComfyUI\custom_nodes\comfyui-prompt-control
[2024-02-03 15:17]    0.3 seconds: C:\ComfyUI_windows_portable\ComfyUI\custom_nodes\ComfyUI-KJNodes
[2024-02-03 15:17]    0.3 seconds: C:\ComfyUI_windows_portable\ComfyUI\custom_nodes\ComfyUI-Manager
[2024-02-03 15:17]    0.6 seconds: C:\ComfyUI_windows_portable\ComfyUI\custom_nodes\ComfyUI-Impact-Pack
[2024-02-03 15:17]    0.7 seconds: C:\ComfyUI_windows_portable\ComfyUI\custom_nodes\comfyui_controlnet_aux
[2024-02-03 15:17]    2.7 seconds: C:\ComfyUI_windows_portable\ComfyUI\custom_nodes\comfyui_segment_anything
[2024-02-03 15:17]    2.8 seconds: C:\ComfyUI_windows_portable\ComfyUI\custom_nodes\ComfyUI-Crystools
[2024-02-03 15:17]   13.1 seconds: C:\ComfyUI_windows_portable\ComfyUI\custom_nodes\comfyui-mixlab-nodes
[2024-02-03 15:17] 
[2024-02-03 15:17] https_key OK:  C:\ComfyUI_windows_portable\ComfyUI\custom_nodes\comfyui-mixlab-nodes\https\certificate.crt C:\ComfyUI_windows_portable\ComfyUI\custom_nodes\comfyui-mixlab-nodes\https\private.key
[2024-02-03 15:17] [93mStarting server
[2024-02-03 15:17] 
[2024-02-03 15:17] [93mTo see the GUI go to: http://0.0.0.0:8188
[2024-02-03 15:17] [93mTo see the GUI go to: https://0.0.0.0:8189[0m
[2024-02-03 15:17] [Crystools [0;31mERROR[0m] For some reason, pynvml is not working in a laptop with only battery, try to connect and turn on the monitor
[2024-02-03 15:17] [Crystools [0;31mERROR[0m] Monitor of GPU is turning off (not on UI!)
[2024-02-03 15:18] got prompt
[2024-02-03 15:18] WARNING:comfyui_segment_anything:using extra model: C:\ComfyUI_windows_portable\ComfyUI\models\sams\sam_vit_b_01ec64.pth
[2024-02-03 15:18] final text_encoder_type: bert-base-uncased
[2024-02-03 15:18] C:\ComfyUI_windows_portable\python_embeded\Lib\site-packages\transformers\modeling_utils.py:942: FutureWarning: The `device` argument is deprecated and will be removed in v5 of Transformers.
  warnings.warn(
[2024-02-03 15:18] model_type EPS
[2024-02-03 15:18] adm 0
[2024-02-03 15:18] Using pytorch attention in VAE
[2024-02-03 15:18] Working with z of shape (1, 4, 32, 32) = 4096 dimensions.
[2024-02-03 15:18] Using pytorch attention in VAE
[2024-02-03 15:18] missing {'cond_stage_model.clip_l.logit_scale', 'cond_stage_model.clip_l.text_projection'}
[2024-02-03 15:18] left over keys: dict_keys(['cond_stage_model.clip_l.transformer.text_model.embeddings.position_ids'])
[2024-02-03 15:18] [33mINFO: the IPAdapter reference image is not a square, CLIPImageProcessor will resize and crop it at the center. If the main focus of the picture is not in the middle the result might not be what you are expecting.[0m
[2024-02-03 15:18] Requested to load CLIPVisionModelProjection
[2024-02-03 15:18] Loading 1 new model
[2024-02-03 15:19] Requested to load SD1ClipModel
[2024-02-03 15:19] Loading 1 new model
[2024-02-03 15:19] [] []
[2024-02-03 15:19] Requested to load BaseModel
[2024-02-03 15:19] Requested to load ControlNet
[2024-02-03 15:19] Loading 2 new models
[2024-02-03 15:19] loading in lowvram mode 900.3800239562988
[2024-02-03 15:19] loading in lowvram mode 207.79766750335693
[2024-02-03 15:21] 100%|████████████████████████████████████████████████████████████████████████████████████████████| 23/23 [02:01<00:00,  5.25s/it]100%|████████████████████████████████████████████████████████████████████████████████████████████| 23/23 [02:01<00:00,  5.29s/it]
[2024-02-03 15:21] Using pytorch attention in VAE
[2024-02-03 15:21] Working with z of shape (1, 4, 32, 32) = 4096 dimensions.
[2024-02-03 15:21] Using pytorch attention in VAE
[2024-02-03 15:21] Leftover VAE keys ['model_ema.decay', 'model_ema.num_updates']
[2024-02-03 15:21] Requested to load AutoencoderKL
[2024-02-03 15:21] Loading 1 new model
[2024-02-03 15:21] Prompt executed in 164.18 seconds
[2024-02-03 15:22] got prompt
[2024-02-03 15:22] model_type EPS
[2024-02-03 15:22] adm 0
[2024-02-03 15:22] Using pytorch attention in VAE
[2024-02-03 15:22] Working with z of shape (1, 4, 32, 32) = 4096 dimensions.
[2024-02-03 15:22] Using pytorch attention in VAE
[2024-02-03 15:22] missing {'cond_stage_model.clip_l.logit_scale', 'cond_stage_model.clip_l.text_projection'}
[2024-02-03 15:22] left over keys: dict_keys(['embedding_manager.embedder.transformer.text_model.embeddings.position_embedding.weight', 'embedding_manager.embedder.transformer.text_model.embeddings.position_ids', 'embedding_manager.embedder.transformer.text_model.embeddings.token_embedding.weight', 'embedding_manager.embedder.transformer.text_model.encoder.layers.0.layer_norm1.bias', 'embedding_manager.embedder.transformer.text_model.encoder.layers.0.layer_norm1.weight', 'embedding_manager.embedder.transformer.text_model.encoder.layers.0.layer_norm2.bias', 'embedding_manager.embedder.transformer.text_model.encoder.layers.0.layer_norm2.weight', 'embedding_manager.embedder.transformer.text_model.encoder.layers.0.mlp.fc1.bias', 'embedding_manager.embedder.transformer.text_model.encoder.layers.0.mlp.fc1.weight', 'embedding_manager.embedder.transformer.text_model.encoder.layers.0.mlp.fc2.bias', 'embedding_manager.embedder.transformer.text_model.encoder.layers.0.mlp.fc2.weight', 'embedding_manager.embedder.transformer.text_model.encoder.layers.0.self_attn.k_proj.bias', 'embedding_manager.embedder.transformer.text_model.encoder.layers.0.self_attn.k_proj.weight', 'embedding_manager.embedder.transformer.text_model.encoder.layers.0.self_attn.out_proj.bias', 'embedding_manager.embedder.transformer.text_model.encoder.layers.0.self_attn.out_proj.weight', 'embedding_manager.embedder.transformer.text_model.encoder.layers.0.self_attn.q_proj.bias', 'embedding_manager.embedder.transformer.text_model.encoder.layers.0.self_attn.q_proj.weight', 'embedding_manager.embedder.transformer.text_model.encoder.layers.0.self_attn.v_proj.bias', 'embedding_manager.embedder.transformer.text_model.encoder.layers.0.self_attn.v_proj.weight', 'embedding_manager.embedder.transformer.text_model.encoder.layers.1.layer_norm1.bias', 'embedding_manager.embedder.transformer.text_model.encoder.layers.1.layer_norm1.weight', 'embedding_manager.embedder.transformer.text_model.encoder.layers.1.layer_norm2.bias', 'embedding_manager.embedder.transformer.text_model.encoder.layers.1.layer_norm2.weight', 'embedding_manager.embedder.transformer.text_model.encoder.layers.1.mlp.fc1.bias', 'embedding_manager.embedder.transformer.text_model.encoder.layers.1.mlp.fc1.weight', 'embedding_manager.embedder.transformer.text_model.encoder.layers.1.mlp.fc2.bias', 'embedding_manager.embedder.transformer.text_model.encoder.layers.1.mlp.fc2.weight', 'embedding_manager.embedder.transformer.text_model.encoder.layers.1.self_attn.k_proj.bias', 'embedding_manager.embedder.transformer.text_model.encoder.layers.1.self_attn.k_proj.weight', 'embedding_manager.embedder.transformer.text_model.encoder.layers.1.self_attn.out_proj.bias', 'embedding_manager.embedder.transformer.text_model.encoder.layers.1.self_attn.out_proj.weight', 'embedding_manager.embedder.transformer.text_model.encoder.layers.1.self_attn.q_proj.bias', 'embedding_manager.embedder.transformer.text_model.encoder.layers.1.self_attn.q_proj.weight', 'embedding_manager.embedder.transformer.text_model.encoder.layers.1.self_attn.v_proj.bias', 'embedding_manager.embedder.transformer.text_model.encoder.layers.1.self_attn.v_proj.weight', 'embedding_manager.embedder.transformer.text_model.encoder.layers.10.layer_norm1.bias', 'embedding_manager.embedder.transformer.text_model.encoder.layers.10.layer_norm1.weight', 'embedding_manager.embedder.transformer.text_model.encoder.layers.10.layer_norm2.bias', 'embedding_manager.embedder.transformer.text_model.encoder.layers.10.layer_norm2.weight', 'embedding_manager.embedder.transformer.text_model.encoder.layers.10.mlp.fc1.bias', 'embedding_manager.embedder.transformer.text_model.encoder.layers.10.mlp.fc1.weight', 'embedding_manager.embedder.transformer.text_model.encoder.layers.10.mlp.fc2.bias', 'embedding_manager.embedder.transformer.text_model.encoder.layers.10.mlp.fc2.weight', 'embedding_manager.embedder.transformer.text_model.encoder.layers.10.self_attn.k_proj.bias', 'embedding_manager.embedder.transformer.text_model.encoder.layers.10.self_attn.k_proj.weight', 'embedding_manager.embedder.transformer.text_model.encoder.layers.10.self_attn.out_proj.bias', 'embedding_manager.embedder.transformer.text_model.encoder.layers.10.self_attn.out_proj.weight', 'embedding_manager.embedder.transformer.text_model.encoder.layers.10.self_attn.q_proj.bias', 'embedding_manager.embedder.transformer.text_model.encoder.layers.10.self_attn.q_proj.weight', 'embedding_manager.embedder.transformer.text_model.encoder.layers.10.self_attn.v_proj.bias', 'embedding_manager.embedder.transformer.text_model.encoder.layers.10.self_attn.v_proj.weight', 'embedding_manager.embedder.transformer.text_model.encoder.layers.11.layer_norm1.bias', 'embedding_manager.embedder.transformer.text_model.encoder.layers.11.layer_norm1.weight', 'embedding_manager.embedder.transformer.text_model.encoder.layers.11.layer_norm2.bias', 'embedding_manager.embedder.transformer.text_model.encoder.layers.11.layer_norm2.weight', 'embedding_manager.embedder.transformer.text_model.encoder.layers.11.mlp.fc1.bias', 'embedding_manager.embedder.transformer.text_model.encoder.layers.11.mlp.fc1.weight', 'embedding_manager.embedder.transformer.text_model.encoder.layers.11.mlp.fc2.bias', 'embedding_manager.embedder.transformer.text_model.encoder.layers.11.mlp.fc2.weight', 'embedding_manager.embedder.transformer.text_model.encoder.layers.11.self_attn.k_proj.bias', 'embedding_manager.embedder.transformer.text_model.encoder.layers.11.self_attn.k_proj.weight', 'embedding_manager.embedder.transformer.text_model.encoder.layers.11.self_attn.out_proj.bias', 'embedding_manager.embedder.transformer.text_model.encoder.layers.11.self_attn.out_proj.weight', 'embedding_manager.embedder.transformer.text_model.encoder.layers.11.self_attn.q_proj.bias', 'embedding_manager.embedder.transformer.text_model.encoder.layers.11.self_attn.q_proj.weight', 'embedding_manager.embedder.transformer.text_model.encoder.layers.11.self_attn.v_proj.bias', 'embedding_manager.embedder.transformer.text_model.encoder.layers.11.self_attn.v_proj.weight', 'embedding_manager.embedder.transformer.text_model.encoder.layers.2.layer_norm1.bias', 'embedding_manager.embedder.transformer.text_model.encoder.layers.2.layer_norm1.weight', 'embedding_manager.embedder.transformer.text_model.encoder.layers.2.layer_norm2.bias', 'embedding_manager.embedder.transformer.text_model.encoder.layers.2.layer_norm2.weight', 'embedding_manager.embedder.transformer.text_model.encoder.layers.2.mlp.fc1.bias', 'embedding_manager.embedder.transformer.text_model.encoder.layers.2.mlp.fc1.weight', 'embedding_manager.embedder.transformer.text_model.encoder.layers.2.mlp.fc2.bias', 'embedding_manager.embedder.transformer.text_model.encoder.layers.2.mlp.fc2.weight', 'embedding_manager.embedder.transformer.text_model.encoder.layers.2.self_attn.k_proj.bias', 'embedding_manager.embedder.transformer.text_model.encoder.layers.2.self_attn.k_proj.weight', 'embedding_manager.embedder.transformer.text_model.encoder.layers.2.self_attn.out_proj.bias', 'embedding_manager.embedder.transformer.text_model.encoder.layers.2.self_attn.out_proj.weight', 'embedding_manager.embedder.transformer.text_model.encoder.layers.2.self_attn.q_proj.bias', 'embedding_manager.embedder.transformer.text_model.encoder.layers.2.self_attn.q_proj.weight', 'embedding_manager.embedder.transformer.text_model.encoder.layers.2.self_attn.v_proj.bias', 'embedding_manager.embedder.transformer.text_model.encoder.layers.2.self_attn.v_proj.weight', 'embedding_manager.embedder.transformer.text_model.encoder.layers.3.layer_norm1.bias', 'embedding_manager.embedder.transformer.text_model.encoder.layers.3.layer_norm1.weight', 'embedding_manager.embedder.transformer.text_model.encoder.layers.3.layer_norm2.bias', 'embedding_manager.embedder.transformer.text_model.encoder.layers.3.layer_norm2.weight', 'embedding_manager.embedder.transformer.text_model.encoder.layers.3.mlp.fc1.bias', 'embedding_manager.embedder.transformer.text_model.encoder.layers.3.mlp.fc1.weight', 'embedding_manager.embedder.transformer.text_model.encoder.layers.3.mlp.fc2.bias', 'embedding_manager.embedder.transformer.text_model.encoder.layers.3.mlp.fc2.weight', 'embedding_manager.embedder.transformer.text_model.encoder.layers.3.self_attn.k_proj.bias', 'embedding_manager.embedder.transformer.text_model.encoder.layers.3.self_attn.k_proj.weight', 'embedding_manager.embedder.transformer.text_model.encoder.layers.3.self_attn.out_proj.bias', 'embedding_manager.embedder.transformer.text_model.encoder.layers.3.self_attn.out_proj.weight', 'embedding_manager.embedder.transformer.text_model.encoder.layers.3.self_attn.q_proj.bias', 'embedding_manager.embedder.transformer.text_model.encoder.layers.3.self_attn.q_proj.weight', 'embedding_manager.embedder.transformer.text_model.encoder.layers.3.self_attn.v_proj.bias', 'embedding_manager.embedder.transformer.text_model.encoder.layers.3.self_attn.v_proj.weight', 'embedding_manager.embedder.transformer.text_model.encoder.layers.4.layer_norm1.bias', 'embedding_manager.embedder.transformer.text_model.encoder.layers.4.layer_norm1.weight', 'embedding_manager.embedder.transformer.text_model.encoder.layers.4.layer_norm2.bias', 'embedding_manager.embedder.transformer.text_model.encoder.layers.4.layer_norm2.weight', 'embedding_manager.embedder.transformer.text_model.encoder.layers.4.mlp.fc1.bias', 'embedding_manager.embedder.transformer.text_model.encoder.layers.4.mlp.fc1.weight', 'embedding_manager.embedder.transformer.text_model.encoder.layers.4.mlp.fc2.bias', 'embedding_manager.embedder.transformer.text_model.encoder.layers.4.mlp.fc2.weight', 'embedding_manager.embedder.transformer.text_model.encoder.layers.4.self_attn.k_proj.bias', 'embedding_manager.embedder.transformer.text_model.encoder.layers.4.self_attn.k_proj.weight', 'embedding_manager.embedder.transformer.text_model.encoder.layers.4.self_attn.out_proj.bias', 'embedding_manager.embedder.transformer.text_model.encoder.layers.4.self_attn.out_proj.weight', 'embedding_manager.embedder.transformer.text_model.encoder.layers.4.self_attn.q_proj.bias', 'embedding_manager.embedder.transformer.text_model.encoder.layers.4.self_attn.q_proj.weight', 'embedding_manager.embedder.transformer.text_model.encoder.layers.4.self_attn.v_proj.bias', 'embedding_manager.embedder.transformer.text_model.encoder.layers.4.self_attn.v_proj.weight', 'embedding_manager.embedder.transformer.text_model.encoder.layers.5.layer_norm1.bias', 'embedding_manager.embedder.transformer.text_model.encoder.layers.5.layer_norm1.weight', 'embedding_manager.embedder.transformer.text_model.encoder.layers.5.layer_norm2.bias', 'embedding_manager.embedder.transformer.text_model.encoder.layers.5.layer_norm2.weight', 'embedding_manager.embedder.transformer.text_model.encoder.layers.5.mlp.fc1.bias', 'embedding_manager.embedder.transformer.text_model.encoder.layers.5.mlp.fc1.weight', 'embedding_manager.embedder.transformer.text_model.encoder.layers.5.mlp.fc2.bias', 'embedding_manager.embedder.transformer.text_model.encoder.layers.5.mlp.fc2.weight', 'embedding_manager.embedder.transformer.text_model.encoder.layers.5.self_attn.k_proj.bias', 'embedding_manager.embedder.transformer.text_model.encoder.layers.5.self_attn.k_proj.weight', 'embedding_manager.embedder.transformer.text_model.encoder.layers.5.self_attn.out_proj.bias', 'embedding_manager.embedder.transformer.text_model.encoder.layers.5.self_attn.out_proj.weight', 'embedding_manager.embedder.transformer.text_model.encoder.layers.5.self_attn.q_proj.bias', 'embedding_manager.embedder.transformer.text_model.encoder.layers.5.self_attn.q_proj.weight', 'embedding_manager.embedder.transformer.text_model.encoder.layers.5.self_attn.v_proj.bias', 'embedding_manager.embedder.transformer.text_model.encoder.layers.5.self_attn.v_proj.weight', 'embedding_manager.embedder.transformer.text_model.encoder.layers.6.layer_norm1.bias', 'embedding_manager.embedder.transformer.text_model.encoder.layers.6.layer_norm1.weight', 'embedding_manager.embedder.transformer.text_model.encoder.layers.6.layer_norm2.bias', 'embedding_manager.embedder.transformer.text_model.encoder.layers.6.layer_norm2.weight', 'embedding_manager.embedder.transformer.text_model.encoder.layers.6.mlp.fc1.bias', 'embedding_manager.embedder.transformer.text_model.encoder.layers.6.mlp.fc1.weight', 'embedding_manager.embedder.transformer.text_model.encoder.layers.6.mlp.fc2.bias', 'embedding_manager.embedder.transformer.text_model.encoder.layers.6.mlp.fc2.weight', 'embedding_manager.embedder.transformer.text_model.encoder.layers.6.self_attn.k_proj.bias', 'embedding_manager.embedder.transformer.text_model.encoder.layers.6.self_attn.k_proj.weight', 'embedding_manager.embedder.transformer.text_model.encoder.layers.6.self_attn.out_proj.bias', 'embedding_manager.embedder.transformer.text_model.encoder.layers.6.self_attn.out_proj.weight', 'embedding_manager.embedder.transformer.text_model.encoder.layers.6.self_attn.q_proj.bias', 'embedding_manager.embedder.transformer.text_model.encoder.layers.6.self_attn.q_proj.weight', 'embedding_manager.embedder.transformer.text_model.encoder.layers.6.self_attn.v_proj.bias', 'embedding_manager.embedder.transformer.text_model.encoder.layers.6.self_attn.v_proj.weight', 'embedding_manager.embedder.transformer.text_model.encoder.layers.7.layer_norm1.bias', 'embedding_manager.embedder.transformer.text_model.encoder.layers.7.layer_norm1.weight', 'embedding_manager.embedder.transformer.text_model.encoder.layers.7.layer_norm2.bias', 'embedding_manager.embedder.transformer.text_model.encoder.layers.7.layer_norm2.weight', 'embedding_manager.embedder.transformer.text_model.encoder.layers.7.mlp.fc1.bias', 'embedding_manager.embedder.transformer.text_model.encoder.layers.7.mlp.fc1.weight', 'embedding_manager.embedder.transformer.text_model.encoder.layers.7.mlp.fc2.bias', 'embedding_manager.embedder.transformer.text_model.encoder.layers.7.mlp.fc2.weight', 'embedding_manager.embedder.transformer.text_model.encoder.layers.7.self_attn.k_proj.bias', 'embedding_manager.embedder.transformer.text_model.encoder.layers.7.self_attn.k_proj.weight', 'embedding_manager.embedder.transformer.text_model.encoder.layers.7.self_attn.out_proj.bias', 'embedding_manager.embedder.transformer.text_model.encoder.layers.7.self_attn.out_proj.weight', 'embedding_manager.embedder.transformer.text_model.encoder.layers.7.self_attn.q_proj.bias', 'embedding_manager.embedder.transformer.text_model.encoder.layers.7.self_attn.q_proj.weight', 'embedding_manager.embedder.transformer.text_model.encoder.layers.7.self_attn.v_proj.bias', 'embedding_manager.embedder.transformer.text_model.encoder.layers.7.self_attn.v_proj.weight', 'embedding_manager.embedder.transformer.text_model.encoder.layers.8.layer_norm1.bias', 'embedding_manager.embedder.transformer.text_model.encoder.layers.8.layer_norm1.weight', 'embedding_manager.embedder.transformer.text_model.encoder.layers.8.layer_norm2.bias', 'embedding_manager.embedder.transformer.text_model.encoder.layers.8.layer_norm2.weight', 'embedding_manager.embedder.transformer.text_model.encoder.layers.8.mlp.fc1.bias', 'embedding_manager.embedder.transformer.text_model.encoder.layers.8.mlp.fc1.weight', 'embedding_manager.embedder.transformer.text_model.encoder.layers.8.mlp.fc2.bias', 'embedding_manager.embedder.transformer.text_model.encoder.layers.8.mlp.fc2.weight', 'embedding_manager.embedder.transformer.text_model.encoder.layers.8.self_attn.k_proj.bias', 'embedding_manager.embedder.transformer.text_model.encoder.layers.8.self_attn.k_proj.weight', 'embedding_manager.embedder.transformer.text_model.encoder.layers.8.self_attn.out_proj.bias', 'embedding_manager.embedder.transformer.text_model.encoder.layers.8.self_attn.out_proj.weight', 'embedding_manager.embedder.transformer.text_model.encoder.layers.8.self_attn.q_proj.bias', 'embedding_manager.embedder.transformer.text_model.encoder.layers.8.self_attn.q_proj.weight', 'embedding_manager.embedder.transformer.text_model.encoder.layers.8.self_attn.v_proj.bias', 'embedding_manager.embedder.transformer.text_model.encoder.layers.8.self_attn.v_proj.weight', 'embedding_manager.embedder.transformer.text_model.encoder.layers.9.layer_norm1.bias', 'embedding_manager.embedder.transformer.text_model.encoder.layers.9.layer_norm1.weight', 'embedding_manager.embedder.transformer.text_model.encoder.layers.9.layer_norm2.bias', 'embedding_manager.embedder.transformer.text_model.encoder.layers.9.layer_norm2.weight', 'embedding_manager.embedder.transformer.text_model.encoder.layers.9.mlp.fc1.bias', 'embedding_manager.embedder.transformer.text_model.encoder.layers.9.mlp.fc1.weight', 'embedding_manager.embedder.transformer.text_model.encoder.layers.9.mlp.fc2.bias', 'embedding_manager.embedder.transformer.text_model.encoder.layers.9.mlp.fc2.weight', 'embedding_manager.embedder.transformer.text_model.encoder.layers.9.self_attn.k_proj.bias', 'embedding_manager.embedder.transformer.text_model.encoder.layers.9.self_attn.k_proj.weight', 'embedding_manager.embedder.transformer.text_model.encoder.layers.9.self_attn.out_proj.bias', 'embedding_manager.embedder.transformer.text_model.encoder.layers.9.self_attn.out_proj.weight', 'embedding_manager.embedder.transformer.text_model.encoder.layers.9.self_attn.q_proj.bias', 'embedding_manager.embedder.transformer.text_model.encoder.layers.9.self_attn.q_proj.weight', 'embedding_manager.embedder.transformer.text_model.encoder.layers.9.self_attn.v_proj.bias', 'embedding_manager.embedder.transformer.text_model.encoder.layers.9.self_attn.v_proj.weight', 'embedding_manager.embedder.transformer.text_model.final_layer_norm.bias', 'embedding_manager.embedder.transformer.text_model.final_layer_norm.weight', 'lora_te_text_model_encoder_layers_0_mlp_fc1.alpha', 'lora_te_text_model_encoder_layers_0_mlp_fc1.lora_down.weight', 'lora_te_text_model_encoder_layers_0_mlp_fc1.lora_up.weight', 'lora_te_text_model_encoder_layers_0_mlp_fc2.alpha', 'lora_te_text_model_encoder_layers_0_mlp_fc2.lora_down.weight', 'lora_te_text_model_encoder_layers_0_mlp_fc2.lora_up.weight', 'lora_te_text_model_encoder_layers_0_self_attn_k_proj.alpha', 'lora_te_text_model_encoder_layers_0_self_attn_k_proj.lora_down.weight', 'lora_te_text_model_encoder_layers_0_self_attn_k_proj.lora_up.weight', 'lora_te_text_model_encoder_layers_0_self_attn_out_proj.alpha', 'lora_te_text_model_encoder_layers_0_self_attn_out_proj.lora_down.weight', 'lora_te_text_model_encoder_layers_0_self_attn_out_proj.lora_up.weight', 'lora_te_text_model_encoder_layers_0_self_attn_q_proj.alpha', 'lora_te_text_model_encoder_layers_0_self_attn_q_proj.lora_down.weight', 'lora_te_text_model_encoder_layers_0_self_attn_q_proj.lora_up.weight', 'lora_te_text_model_encoder_layers_0_self_attn_v_proj.alpha', 'lora_te_text_model_encoder_layers_0_self_attn_v_proj.lora_down.weight', 'lora_te_text_model_encoder_layers_0_self_attn_v_proj.lora_up.weight', 'lora_te_text_model_encoder_layers_10_mlp_fc1.alpha', 'lora_te_text_model_encoder_layers_10_mlp_fc1.lora_down.weight', 'lora_te_text_model_encoder_layers_10_mlp_fc1.lora_up.weight', 'lora_te_text_model_encoder_layers_10_mlp_fc2.alpha', 'lora_te_text_model_encoder_layers_10_mlp_fc2.lora_down.weight', 'lora_te_text_model_encoder_layers_10_mlp_fc2.lora_up.weight', 'lora_te_text_model_encoder_layers_10_self_attn_k_proj.alpha', 'lora_te_text_model_encoder_layers_10_self_attn_k_proj.lora_down.weight', 'lora_te_text_model_encoder_layers_10_self_attn_k_proj.lora_up.weight', 'lora_te_text_model_encoder_layers_10_self_attn_out_proj.alpha', 'lora_te_text_model_encoder_layers_10_self_attn_out_proj.lora_down.weight', 'lora_te_text_model_encoder_layers_10_self_attn_out_proj.lora_up.weight', 'lora_te_text_model_encoder_layers_10_self_attn_q_proj.alpha', 'lora_te_text_model_encoder_layers_10_self_attn_q_proj.lora_down.weight', 'lora_te_text_model_encoder_layers_10_self_attn_q_proj.lora_up.weight', 'lora_te_text_model_encoder_layers_10_self_attn_v_proj.alpha', 'lora_te_text_model_encoder_layers_10_self_attn_v_proj.lora_down.weight', 'lora_te_text_model_encoder_layers_10_self_attn_v_proj.lora_up.weight', 'lora_te_text_model_encoder_layers_11_mlp_fc1.alpha', 'lora_te_text_model_encoder_layers_11_mlp_fc1.lora_down.weight', 'lora_te_text_model_encoder_layers_11_mlp_fc1.lora_up.weight', 'lora_te_text_model_encoder_layers_11_mlp_fc2.alpha', 'lora_te_text_model_encoder_layers_11_mlp_fc2.lora_down.weight', 'lora_te_text_model_encoder_layers_11_mlp_fc2.lora_up.weight', 'lora_te_text_model_encoder_layers_11_self_attn_k_proj.alpha', 'lora_te_text_model_encoder_layers_11_self_attn_k_proj.lora_down.weight', 'lora_te_text_model_encoder_layers_11_self_attn_k_proj.lora_up.weight', 'lora_te_text_model_encoder_layers_11_self_attn_out_proj.alpha', 'lora_te_text_model_encoder_layers_11_self_attn_out_proj.lora_down.weight', 'lora_te_text_model_encoder_layers_11_self_attn_out_proj.lora_up.weight', 'lora_te_text_model_encoder_layers_11_self_attn_q_proj.alpha', 'lora_te_text_model_encoder_layers_11_self_attn_q_proj.lora_down.weight', 'lora_te_text_model_encoder_layers_11_self_attn_q_proj.lora_up.weight', 'lora_te_text_model_encoder_layers_11_self_attn_v_proj.alpha', 'lora_te_text_model_encoder_layers_11_self_attn_v_proj.lora_down.weight', 'lora_te_text_model_encoder_layers_11_self_attn_v_proj.lora_up.weight', 'lora_te_text_model_encoder_layers_1_mlp_fc1.alpha', 'lora_te_text_model_encoder_layers_1_mlp_fc1.lora_down.weight', 'lora_te_text_model_encoder_layers_1_mlp_fc1.lora_up.weight', 'lora_te_text_model_encoder_layers_1_mlp_fc2.alpha', 'lora_te_text_model_encoder_layers_1_mlp_fc2.lora_down.weight', 'lora_te_text_model_encoder_layers_1_mlp_fc2.lora_up.weight', 'lora_te_text_model_encoder_layers_1_self_attn_k_proj.alpha', 'lora_te_text_model_encoder_layers_1_self_attn_k_proj.lora_down.weight', 'lora_te_text_model_encoder_layers_1_self_attn_k_proj.lora_up.weight', 'lora_te_text_model_encoder_layers_1_self_attn_out_proj.alpha', 'lora_te_text_model_encoder_layers_1_self_attn_out_proj.lora_down.weight', 'lora_te_text_model_encoder_layers_1_self_attn_out_proj.lora_up.weight', 'lora_te_text_model_encoder_layers_1_self_attn_q_proj.alpha', 'lora_te_text_model_encoder_layers_1_self_attn_q_proj.lora_down.weight', 'lora_te_text_model_encoder_layers_1_self_attn_q_proj.lora_up.weight', 'lora_te_text_model_encoder_layers_1_self_attn_v_proj.alpha', 'lora_te_text_model_encoder_layers_1_self_attn_v_proj.lora_down.weight', 'lora_te_text_model_encoder_layers_1_self_attn_v_proj.lora_up.weight', 'lora_te_text_model_encoder_layers_2_mlp_fc1.alpha', 'lora_te_text_model_encoder_layers_2_mlp_fc1.lora_down.weight', 'lora_te_text_model_encoder_layers_2_mlp_fc1.lora_up.weight', 'lora_te_text_model_encoder_layers_2_mlp_fc2.alpha', 'lora_te_text_model_encoder_layers_2_mlp_fc2.lora_down.weight', 'lora_te_text_model_encoder_layers_2_mlp_fc2.lora_up.weight', 'lora_te_text_model_encoder_layers_2_self_attn_k_proj.alpha', 'lora_te_text_model_encoder_layers_2_self_attn_k_proj.lora_down.weight', 'lora_te_text_model_encoder_layers_2_self_attn_k_proj.lora_up.weight', 'lora_te_text_model_encoder_layers_2_self_attn_out_proj.alpha', 'lora_te_text_model_encoder_layers_2_self_attn_out_proj.lora_down.weight', 'lora_te_text_model_encoder_layers_2_self_attn_out_proj.lora_up.weight', 'lora_te_text_model_encoder_layers_2_self_attn_q_proj.alpha', 'lora_te_text_model_encoder_layers_2_self_attn_q_proj.lora_down.weight', 'lora_te_text_model_encoder_layers_2_self_attn_q_proj.lora_up.weight', 'lora_te_text_model_encoder_layers_2_self_attn_v_proj.alpha', 'lora_te_text_model_encoder_layers_2_self_attn_v_proj.lora_down.weight', 'lora_te_text_model_encoder_layers_2_self_attn_v_proj.lora_up.weight', 'lora_te_text_model_encoder_layers_3_mlp_fc1.alpha', 'lora_te_text_model_encoder_layers_3_mlp_fc1.lora_down.weight', 'lora_te_text_model_encoder_layers_3_mlp_fc1.lora_up.weight', 'lora_te_text_model_encoder_layers_3_mlp_fc2.alpha', 'lora_te_text_model_encoder_layers_3_mlp_fc2.lora_down.weight', 'lora_te_text_model_encoder_layers_3_mlp_fc2.lora_up.weight', 'lora_te_text_model_encoder_layers_3_self_attn_k_proj.alpha', 'lora_te_text_model_encoder_layers_3_self_attn_k_proj.lora_down.weight', 'lora_te_text_model_encoder_layers_3_self_attn_k_proj.lora_up.weight', 'lora_te_text_model_encoder_layers_3_self_attn_out_proj.alpha', 'lora_te_text_model_encoder_layers_3_self_attn_out_proj.lora_down.weight', 'lora_te_text_model_encoder_layers_3_self_attn_out_proj.lora_up.weight', 'lora_te_text_model_encoder_layers_3_self_attn_q_proj.alpha', 'lora_te_text_model_encoder_layers_3_self_attn_q_proj.lora_down.weight', 'lora_te_text_model_encoder_layers_3_self_attn_q_proj.lora_up.weight', 'lora_te_text_model_encoder_layers_3_self_attn_v_proj.alpha', 'lora_te_text_model_encoder_layers_3_self_attn_v_proj.lora_down.weight', 'lora_te_text_model_encoder_layers_3_self_attn_v_proj.lora_up.weight', 'lora_te_text_model_encoder_layers_4_mlp_fc1.alpha', 'lora_te_text_model_encoder_layers_4_mlp_fc1.lora_down.weight', 'lora_te_text_model_encoder_layers_4_mlp_fc1.lora_up.weight', 'lora_te_text_model_encoder_layers_4_mlp_fc2.alpha', 'lora_te_text_model_encoder_layers_4_mlp_fc2.lora_down.weight', 'lora_te_text_model_encoder_layers_4_mlp_fc2.lora_up.weight', 'lora_te_text_model_encoder_layers_4_self_attn_k_proj.alpha', 'lora_te_text_model_encoder_layers_4_self_attn_k_proj.lora_down.weight', 'lora_te_text_model_encoder_layers_4_self_attn_k_proj.lora_up.weight', 'lora_te_text_model_encoder_layers_4_self_attn_out_proj.alpha', 'lora_te_text_model_encoder_layers_4_self_attn_out_proj.lora_down.weight', 'lora_te_text_model_encoder_layers_4_self_attn_out_proj.lora_up.weight', 'lora_te_text_model_encoder_layers_4_self_attn_q_proj.alpha', 'lora_te_text_model_encoder_layers_4_self_attn_q_proj.lora_down.weight', 'lora_te_text_model_encoder_layers_4_self_attn_q_proj.lora_up.weight', 'lora_te_text_model_encoder_layers_4_self_attn_v_proj.alpha', 'lora_te_text_model_encoder_layers_4_self_attn_v_proj.lora_down.weight', 'lora_te_text_model_encoder_layers_4_self_attn_v_proj.lora_up.weight', 'lora_te_text_model_encoder_layers_5_mlp_fc1.alpha', 'lora_te_text_model_encoder_layers_5_mlp_fc1.lora_down.weight', 'lora_te_text_model_encoder_layers_5_mlp_fc1.lora_up.weight', 'lora_te_text_model_encoder_layers_5_mlp_fc2.alpha', 'lora_te_text_model_encoder_layers_5_mlp_fc2.lora_down.weight', 'lora_te_text_model_encoder_layers_5_mlp_fc2.lora_up.weight', 'lora_te_text_model_encoder_layers_5_self_attn_k_proj.alpha', 'lora_te_text_model_encoder_layers_5_self_attn_k_proj.lora_down.weight', 'lora_te_text_model_encoder_layers_5_self_attn_k_proj.lora_up.weight', 'lora_te_text_model_encoder_layers_5_self_attn_out_proj.alpha', 'lora_te_text_model_encoder_layers_5_self_attn_out_proj.lora_down.weight', 'lora_te_text_model_encoder_layers_5_self_attn_out_proj.lora_up.weight', 'lora_te_text_model_encoder_layers_5_self_attn_q_proj.alpha', 'lora_te_text_model_encoder_layers_5_self_attn_q_proj.lora_down.weight', 'lora_te_text_model_encoder_layers_5_self_attn_q_proj.lora_up.weight', 'lora_te_text_model_encoder_layers_5_self_attn_v_proj.alpha', 'lora_te_text_model_encoder_layers_5_self_attn_v_proj.lora_down.weight', 'lora_te_text_model_encoder_layers_5_self_attn_v_proj.lora_up.weight', 'lora_te_text_model_encoder_layers_6_mlp_fc1.alpha', 'lora_te_text_model_encoder_layers_6_mlp_fc1.lora_down.weight', 'lora_te_text_model_encoder_layers_6_mlp_fc1.lora_up.weight', 'lora_te_text_model_encoder_layers_6_mlp_fc2.alpha', 'lora_te_text_model_encoder_layers_6_mlp_fc2.lora_down.weight', 'lora_te_text_model_encoder_layers_6_mlp_fc2.lora_up.weight', 'lora_te_text_model_encoder_layers_6_self_attn_k_proj.alpha', 'lora_te_text_model_encoder_layers_6_self_attn_k_proj.lora_down.weight', 'lora_te_text_model_encoder_layers_6_self_attn_k_proj.lora_up.weight', 'lora_te_text_model_encoder_layers_6_self_attn_out_proj.alpha', 'lora_te_text_model_encoder_layers_6_self_attn_out_proj.lora_down.weight', 'lora_te_text_model_encoder_layers_6_self_attn_out_proj.lora_up.weight', 'lora_te_text_model_encoder_layers_6_self_attn_q_proj.alpha', 'lora_te_text_model_encoder_layers_6_self_attn_q_proj.lora_down.weight', 'lora_te_text_model_encoder_layers_6_self_attn_q_proj.lora_up.weight', 'lora_te_text_model_encoder_layers_6_self_attn_v_proj.alpha', 'lora_te_text_model_encoder_layers_6_self_attn_v_proj.lora_down.weight', 'lora_te_text_model_encoder_layers_6_self_attn_v_proj.lora_up.weight', 'lora_te_text_model_encoder_layers_7_mlp_fc1.alpha', 'lora_te_text_model_encoder_layers_7_mlp_fc1.lora_down.weight', 'lora_te_text_model_encoder_layers_7_mlp_fc1.lora_up.weight', 'lora_te_text_model_encoder_layers_7_mlp_fc2.alpha', 'lora_te_text_model_encoder_layers_7_mlp_fc2.lora_down.weight', 'lora_te_text_model_encoder_layers_7_mlp_fc2.lora_up.weight', 'lora_te_text_model_encoder_layers_7_self_attn_k_proj.alpha', 'lora_te_text_model_encoder_layers_7_self_attn_k_proj.lora_down.weight', 'lora_te_text_model_encoder_layers_7_self_attn_k_proj.lora_up.weight', 'lora_te_text_model_encoder_layers_7_self_attn_out_proj.alpha', 'lora_te_text_model_encoder_layers_7_self_attn_out_proj.lora_down.weight', 'lora_te_text_model_encoder_layers_7_self_attn_out_proj.lora_up.weight', 'lora_te_text_model_encoder_layers_7_self_attn_q_proj.alpha', 'lora_te_text_model_encoder_layers_7_self_attn_q_proj.lora_down.weight', 'lora_te_text_model_encoder_layers_7_self_attn_q_proj.lora_up.weight', 'lora_te_text_model_encoder_layers_7_self_attn_v_proj.alpha', 'lora_te_text_model_encoder_layers_7_self_attn_v_proj.lora_down.weight', 'lora_te_text_model_encoder_layers_7_self_attn_v_proj.lora_up.weight', 'lora_te_text_model_encoder_layers_8_mlp_fc1.alpha', 'lora_te_text_model_encoder_layers_8_mlp_fc1.lora_down.weight', 'lora_te_text_model_encoder_layers_8_mlp_fc1.lora_up.weight', 'lora_te_text_model_encoder_layers_8_mlp_fc2.alpha', 'lora_te_text_model_encoder_layers_8_mlp_fc2.lora_down.weight', 'lora_te_text_model_encoder_layers_8_mlp_fc2.lora_up.weight', 'lora_te_text_model_encoder_layers_8_self_attn_k_proj.alpha', 'lora_te_text_model_encoder_layers_8_self_attn_k_proj.lora_down.weight', 'lora_te_text_model_encoder_layers_8_self_attn_k_proj.lora_up.weight', 'lora_te_text_model_encoder_layers_8_self_attn_out_proj.alpha', 'lora_te_text_model_encoder_layers_8_self_attn_out_proj.lora_down.weight', 'lora_te_text_model_encoder_layers_8_self_attn_out_proj.lora_up.weight', 'lora_te_text_model_encoder_layers_8_self_attn_q_proj.alpha', 'lora_te_text_model_encoder_layers_8_self_attn_q_proj.lora_down.weight', 'lora_te_text_model_encoder_layers_8_self_attn_q_proj.lora_up.weight', 'lora_te_text_model_encoder_layers_8_self_attn_v_proj.alpha', 'lora_te_text_model_encoder_layers_8_self_attn_v_proj.lora_down.weight', 'lora_te_text_model_encoder_layers_8_self_attn_v_proj.lora_up.weight', 'lora_te_text_model_encoder_layers_9_mlp_fc1.alpha', 'lora_te_text_model_encoder_layers_9_mlp_fc1.lora_down.weight', 'lora_te_text_model_encoder_layers_9_mlp_fc1.lora_up.weight', 'lora_te_text_model_encoder_layers_9_mlp_fc2.alpha', 'lora_te_text_model_encoder_layers_9_mlp_fc2.lora_down.weight', 'lora_te_text_model_encoder_layers_9_mlp_fc2.lora_up.weight', 'lora_te_text_model_encoder_layers_9_self_attn_k_proj.alpha', 'lora_te_text_model_encoder_layers_9_self_attn_k_proj.lora_down.weight', 'lora_te_text_model_encoder_layers_9_self_attn_k_proj.lora_up.weight', 'lora_te_text_model_encoder_layers_9_self_attn_out_proj.alpha', 'lora_te_text_model_encoder_layers_9_self_attn_out_proj.lora_down.weight', 'lora_te_text_model_encoder_layers_9_self_attn_out_proj.lora_up.weight', 'lora_te_text_model_encoder_layers_9_self_attn_q_proj.alpha', 'lora_te_text_model_encoder_layers_9_self_attn_q_proj.lora_down.weight', 'lora_te_text_model_encoder_layers_9_self_attn_q_proj.lora_up.weight', 'lora_te_text_model_encoder_layers_9_self_attn_v_proj.alpha', 'lora_te_text_model_encoder_layers_9_self_attn_v_proj.lora_down.weight', 'lora_te_text_model_encoder_layers_9_self_attn_v_proj.lora_up.weight', 'model_ema.decay', 'model_ema.num_updates', 'cond_stage_model.clip_l.transformer.text_model.embeddings.position_ids'])
[2024-02-03 15:22] [33mINFO: the IPAdapter reference image is not a square, CLIPImageProcessor will resize and crop it at the center. If the main focus of the picture is not in the middle the result might not be what you are expecting.[0m
[2024-02-03 15:22] Requested to load SD1ClipModel
[2024-02-03 15:22] Loading 1 new model
[2024-02-03 15:22] Requested to load BaseModel
[2024-02-03 15:22] Requested to load ControlNet
[2024-02-03 15:22] Loading 2 new models
[2024-02-03 15:22] loading in lowvram mode 900.3800239562988
[2024-02-03 15:22] loading in lowvram mode 207.79766750335693
[2024-02-03 15:24] 100%|████████████████████████████████████████████████████████████████████████████████████████████| 23/23 [02:00<00:00,  5.24s/it]100%|████████████████████████████████████████████████████████████████████████████████████████████| 23/23 [02:00<00:00,  5.26s/it]
[2024-02-03 15:24] Requested to load AutoencoderKL
[2024-02-03 15:24] Loading 1 new model
[2024-02-03 15:24] Prompt executed in 154.53 seconds
[2024-02-03 15:39] got prompt
[2024-02-03 15:39] model_type EPS
[2024-02-03 15:39] adm 0
[2024-02-03 15:39] Using pytorch attention in VAE
[2024-02-03 15:39] Working with z of shape (1, 4, 32, 32) = 4096 dimensions.
[2024-02-03 15:39] Using pytorch attention in VAE
[2024-02-03 15:39] missing {'cond_stage_model.clip_l.logit_scale', 'cond_stage_model.clip_l.text_projection'}
[2024-02-03 15:39] left over keys: dict_keys(['cond_stage_model.clip_l.transformer.text_model.embeddings.position_ids'])
[2024-02-03 15:39] [33mINFO: the IPAdapter reference image is not a square, CLIPImageProcessor will resize and crop it at the center. If the main focus of the picture is not in the middle the result might not be what you are expecting.[0m
[2024-02-03 15:39] Requested to load SD1ClipModel
[2024-02-03 15:39] Loading 1 new model
[2024-02-03 15:39] Requested to load BaseModel
[2024-02-03 15:39] Requested to load ControlNet
[2024-02-03 15:39] Loading 2 new models
[2024-02-03 15:39] loading in lowvram mode 900.3800239562988
[2024-02-03 15:39] loading in lowvram mode 207.79766750335693
[2024-02-03 15:40] 100%|████████████████████████████████████████████████████████████████████████████████████████████| 23/23 [00:59<00:00,  2.58s/it]100%|████████████████████████████████████████████████████████████████████████████████████████████| 23/23 [00:59<00:00,  2.60s/it]
[2024-02-03 15:40] Requested to load AutoencoderKL
[2024-02-03 15:40] Loading 1 new model
[2024-02-03 15:40] Prompt executed in 73.16 seconds
[2024-02-03 15:44] got prompt
[2024-02-03 15:44] [33mINFO: the IPAdapter reference image is not a square, CLIPImageProcessor will resize and crop it at the center. If the main focus of the picture is not in the middle the result might not be what you are expecting.[0m
[2024-02-03 15:44] Requested to load BaseModel
[2024-02-03 15:44] Requested to load ControlNet
[2024-02-03 15:44] Loading 2 new models
[2024-02-03 15:44] loading in lowvram mode 900.3800239562988
[2024-02-03 15:44] loading in lowvram mode 207.79766750335693
[2024-02-03 15:44] FETCH DATA from: C:\ComfyUI_windows_portable\ComfyUI\custom_nodes\ComfyUI-Manager\extension-node-map.json
[2024-02-03 15:45] #read_workflow_json_files_all C:\ComfyUI_windows_portable\ComfyUI\custom_nodes\comfyui-mixlab-nodes\app\
[2024-02-03 15:45] 100%|████████████████████████████████████████████████████████████████████████████████████████████| 23/23 [01:16<00:00,  3.41s/it]100%|████████████████████████████████████████████████████████████████████████████████████████████| 23/23 [01:16<00:00,  3.32s/it]
[2024-02-03 15:45] Requested to load AutoencoderKL
[2024-02-03 15:45] Loading 1 new model
[2024-02-03 15:46] Prompt executed in 87.70 seconds
[2024-02-03 15:49] got prompt
[2024-02-03 15:49] [33mINFO: the IPAdapter reference image is not a square, CLIPImageProcessor will resize and crop it at the center. If the main focus of the picture is not in the middle the result might not be what you are expecting.[0m
[2024-02-03 15:49] Requested to load BaseModel
[2024-02-03 15:49] Requested to load ControlNet
[2024-02-03 15:49] Loading 2 new models
[2024-02-03 15:49] loading in lowvram mode 900.3800239562988
[2024-02-03 15:49] loading in lowvram mode 207.79766750335693
[2024-02-03 15:50] 100%|████████████████████████████████████████████████████████████████████████████████████████████| 23/23 [00:53<00:00,  2.30s/it]100%|████████████████████████████████████████████████████████████████████████████████████████████| 23/23 [00:53<00:00,  2.31s/it]
[2024-02-03 15:50] Requested to load AutoencoderKL
[2024-02-03 15:50] Loading 1 new model
[2024-02-03 15:50] Prompt executed in 68.85 seconds
[2024-02-03 15:51] FETCH DATA from: C:\ComfyUI_windows_portable\ComfyUI\custom_nodes\ComfyUI-Manager\extension-node-map.json
[2024-02-03 15:51] #read_workflow_json_files_all C:\ComfyUI_windows_portable\ComfyUI\custom_nodes\comfyui-mixlab-nodes\app\
[2024-02-03 15:52] got prompt
[2024-02-03 15:52] model_type EPS
[2024-02-03 15:52] adm 0
[2024-02-03 15:52] Using pytorch attention in VAE
[2024-02-03 15:52] Working with z of shape (1, 4, 32, 32) = 4096 dimensions.
[2024-02-03 15:52] Using pytorch attention in VAE
[2024-02-03 15:52] missing {'cond_stage_model.clip_l.logit_scale', 'cond_stage_model.clip_l.text_projection'}
[2024-02-03 15:52] left over keys: dict_keys(['alphas_cumprod', 'alphas_cumprod_prev', 'betas', 'log_one_minus_alphas_cumprod', 'posterior_log_variance_clipped', 'posterior_mean_coef1', 'posterior_mean_coef2', 'posterior_variance', 'sqrt_alphas_cumprod', 'sqrt_one_minus_alphas_cumprod', 'sqrt_recip_alphas_cumprod', 'sqrt_recipm1_alphas_cumprod', 'cond_stage_model.clip_l.transformer.text_model.embeddings.position_ids'])
[2024-02-03 15:52] Requested to load SD1ClipModel
[2024-02-03 15:52] Loading 1 new model
[2024-02-03 15:52] [] []
[2024-02-03 15:52] WARNING:comfyui_segment_anything:using extra model: C:\ComfyUI_windows_portable\ComfyUI\models\sams\sam_vit_b_01ec64.pth
[2024-02-03 15:52] final text_encoder_type: bert-base-uncased
[2024-02-03 15:52] Using pytorch attention in VAE
[2024-02-03 15:52] Working with z of shape (1, 4, 32, 32) = 4096 dimensions.
[2024-02-03 15:52] Using pytorch attention in VAE
[2024-02-03 15:52] Leftover VAE keys ['model_ema.decay', 'model_ema.num_updates']
[2024-02-03 15:52] Requested to load AutoencoderKL
[2024-02-03 15:52] Loading 1 new model
[2024-02-03 15:52] Requested to load BaseModel
[2024-02-03 15:52] Requested to load ControlNet
[2024-02-03 15:52] Loading 2 new models
[2024-02-03 15:52] loading in lowvram mode 970.8172235488892
[2024-02-03 15:52] loading in lowvram mode 224.05442810058594
[2024-02-03 15:54] 100%|████████████████████████████████████████████████████████████████████████████████████████████| 23/23 [01:25<00:00,  3.71s/it]100%|████████████████████████████████████████████████████████████████████████████████████████████| 23/23 [01:25<00:00,  3.70s/it]
[2024-02-03 15:54] Requested to load AutoencoderKL
[2024-02-03 15:54] Loading 1 new model
[2024-02-03 15:54] Prompt executed in 116.79 seconds
[2024-02-03 15:58] got prompt
[2024-02-03 15:58] Requested to load BaseModel
[2024-02-03 15:58] Requested to load ControlNet
[2024-02-03 15:58] Loading 2 new models
[2024-02-03 15:58] loading in lowvram mode 970.8375062942505
[2024-02-03 15:58] loading in lowvram mode 224.07471084594727
[2024-02-03 15:59] 100%|████████████████████████████████████████████████████████████████████████████████████████████| 23/23 [00:59<00:00,  2.59s/it]100%|████████████████████████████████████████████████████████████████████████████████████████████| 23/23 [00:59<00:00,  2.59s/it]
[2024-02-03 15:59] Requested to load AutoencoderKL
[2024-02-03 15:59] Loading 1 new model
[2024-02-03 15:59] Prompt executed in 67.25 seconds
